<?xml version="1.0" encoding="UTF-8"?>
<!-- Generated by org.testng.reporters.JUnitReportReporter -->
<testsuite hostname="DESKTOP-VOV9HHV" failures="1" tests="2" name="org.example.RunCucumberTest" time="4.514" errors="0" timestamp="2020-09-24T18:08:00 CEST" skipped="0">
  <testcase classname="org.example.RunCucumberTest" name="runScenario" time="2.257"/>
  <system-out/>
  <testcase classname="org.example.RunCucumberTest" name="runScenario" time="2.257">
    <failure message="expected [1] but found [0]" type="java.lang.AssertionError">
      <![CDATA[java.lang.AssertionError: expected [1] but found [0]
at org.testng.Assert.fail(Assert.java:99)
at org.testng.Assert.failNotEquals(Assert.java:1037)
at org.testng.Assert.assertEqualsImpl(Assert.java:140)
at org.testng.Assert.assertEquals(Assert.java:122)
at org.testng.Assert.assertEquals(Assert.java:907)
at org.testng.Assert.assertEquals(Assert.java:917)
at org.example.StepDefinitions.addrModified(StepDefinitions.java:50)
at ✽.l'adresse de l'abonné modifiée est enregistrée sur l'ensemble des contrats de l'abonné(classpath:org/example/adresse.feature:7)
]]>
    </failure>
  </testcase> <!-- runScenario -->
  <system-out/>
</testsuite> <!-- org.example.RunCucumberTest -->
